
ROM used: 1704 (1%)
          1704 (1%) including unused fragments

          2 Average locations per line
          7 Average locations per statement

RAM used: 243 (6%) at main() level
          254 (7%) worst case

Stack used: 4 worst case (out of 31 total available)

Lines Stmts  %   Files
----- ----- ---  -----
  413   214  93  main.c
   58    15   7  main.h
  550     0   0  ..\..\..\..\Program Files\PICC\devices\18F8722.h
----- -----
 1021   229 Total

Page ROM  %  RAM   Vol Diff  Functions:
---- --- --- ---   --- ----  ----------
0     40   1   1             @delay_ms1
0    102   3   0   437  1.9  init
0    166   5   3   564  6.7  _rda2_isr
0      6   0   0     3  0.0  timer
0    146   4   9   427  3.8  servoRight
0    146   4   9   427  3.8  servoLeft
0    234   7   1   812  2.9  hole_move_blue
0    354  10   1  1152  2.9  hole_move_red
0     50   1   0   108  1.7  home_test_seesaw
0     10   0   0    69  1.6  @const129
0     44   1   0    69  1.6  home
0    208   6   1   947  4.4  MAIN

Program metrics:
    Functions               11
    Statements              229
    Comments                218
    Volume (V)              7620
    Difficilty (D)          32.3
    Effort to implement (E) 246346
    Time to implement (T)   3 hours, 48 minutes
    Est Delivered Bugs (B)  1
    Cyclomatic Complexity   13
    Maintainability (MI)    116

 Segment     Used  Free
-----------  ----  ----
00000-00002     4  0  
00004-00006     0  4  
00008-000C8   194  0  
000CA-0FFFE  1506  63828  
10000-1FFFE     0  65536  



